TN:
SF:/Users/bryanjos/projects/tailored/lib/tailored.js
FN:3,_interopDefault
FN:10,(anonymous_1)
FN:17,(anonymous_2)
FN:21,(anonymous_3)
FN:27,(anonymous_4)
FN:33,(anonymous_5)
FN:40,(anonymous_6)
FN:47,(anonymous_7)
FN:53,(anonymous_8)
FN:57,(anonymous_9)
FN:61,(anonymous_10)
FN:65,(anonymous_11)
FN:75,(anonymous_12)
FN:79,(anonymous_13)
FN:84,(anonymous_14)
FN:90,(anonymous_15)
FN:96,variable
FN:100,wildcard
FN:104,startsWith
FN:108,capture
FN:112,headTail
FN:116,type
FN:120,bound
FN:124,bitStringMatch
FN:128,namedVariableResult
FN:134,is_number
FN:138,is_string
FN:142,is_boolean
FN:146,is_symbol
FN:150,is_object
FN:154,is_variable
FN:158,is_bitstring
FN:162,is_null
FN:166,is_array
FN:170,is_function
FN:174,is_map
FN:178,is_pid
FN:182,is_tuple
FN:186,is_reference
FN:190,arrayEquals
FN:208,tupleEquals
FN:220,bitstringEquals
FN:232,pidEquals
FN:240,referenceEquals
FN:248,mapEquals
FN:259,equals
FN:287,is_non_primitive
FN:291,has
FN:305,get
FN:328,resolveSymbol
FN:329,(anonymous_50)
FN:334,resolveString
FN:335,(anonymous_52)
FN:340,resolveNumber
FN:341,(anonymous_54)
FN:346,resolveBoolean
FN:347,(anonymous_56)
FN:352,resolveFunction
FN:353,(anonymous_58)
FN:358,resolveNull
FN:359,(anonymous_60)
FN:364,resolveBound
FN:365,(anonymous_62)
FN:374,resolveWildcard
FN:375,(anonymous_64)
FN:380,resolveVariable
FN:381,(anonymous_66)
FN:392,resolveHeadTail
FN:396,(anonymous_68)
FN:412,resolveCapture
FN:415,(anonymous_70)
FN:425,resolveStartsWith
FN:428,(anonymous_72)
FN:438,resolveType
FN:439,(anonymous_74)
FN:449,resolveArray
FN:450,(anonymous_76)
FN:452,(anonymous_77)
FN:457,(anonymous_78)
FN:463,resolveMap
FN:472,(anonymous_80)
FN:487,resolveObject
FN:496,(anonymous_82)
FN:511,resolveBitString
FN:525,(anonymous_84)
FN:614,getSize
FN:618,arraysEqual
FN:630,fillArray
FN:636,createBitString
FN:637,(anonymous_89)
FN:641,resolveNoMatch
FN:642,(anonymous_91)
FN:665,buildMatch
FN:693,(anonymous_93)
FN:699,(anonymous_94)
FN:719,(anonymous_95)
FN:719,(anonymous_96)
FN:728,clause
FN:728,(anonymous_98)
FN:734,defmatch
FN:737,(anonymous_100)
FN:743,defmatchgen
FN:746,(anonymous_102)
FN:779,defmatchGen
FN:783,defmatchAsync
FN:786,(anonymous_105)
FN:819,findMatchingFunction
FN:851,getArityMap
FN:872,getArityRange
FN:885,getOptionalValues
FN:897,fillInOptionalValues
FN:921,match
FN:921,(anonymous_112)
FN:935,match_gen
FN:935,(anonymous_114)
FN:952,checkNamedVariables
FN:975,match_or_default
FN:975,(anonymous_117)
FN:988,match_or_default_gen
FN:988,(anonymous_119)
FN:1004,match_or_default_async
FN:1004,(anonymous_121)
FN:1020,bitstring_generator
FN:1021,(anonymous_123)
FN:1027,(anonymous_124)
FN:1043,list_generator
FN:1044,(anonymous_126)
FN:1047,(anonymous_127)
FN:1058,list_comprehension
FN:1072,run_generators
FN:1074,(anonymous_130)
FN:1095,bitstring_comprehension
FN:1106,(anonymous_132)
FNF:133
FNH:0
FNDA:0,_interopDefault
FNDA:0,(anonymous_1)
FNDA:0,(anonymous_2)
FNDA:0,(anonymous_3)
FNDA:0,(anonymous_4)
FNDA:0,(anonymous_5)
FNDA:0,(anonymous_6)
FNDA:0,(anonymous_7)
FNDA:0,(anonymous_8)
FNDA:0,(anonymous_9)
FNDA:0,(anonymous_10)
FNDA:0,(anonymous_11)
FNDA:0,(anonymous_12)
FNDA:0,(anonymous_13)
FNDA:0,(anonymous_14)
FNDA:0,(anonymous_15)
FNDA:0,variable
FNDA:0,wildcard
FNDA:0,startsWith
FNDA:0,capture
FNDA:0,headTail
FNDA:0,type
FNDA:0,bound
FNDA:0,bitStringMatch
FNDA:0,namedVariableResult
FNDA:0,is_number
FNDA:0,is_string
FNDA:0,is_boolean
FNDA:0,is_symbol
FNDA:0,is_object
FNDA:0,is_variable
FNDA:0,is_bitstring
FNDA:0,is_null
FNDA:0,is_array
FNDA:0,is_function
FNDA:0,is_map
FNDA:0,is_pid
FNDA:0,is_tuple
FNDA:0,is_reference
FNDA:0,arrayEquals
FNDA:0,tupleEquals
FNDA:0,bitstringEquals
FNDA:0,pidEquals
FNDA:0,referenceEquals
FNDA:0,mapEquals
FNDA:0,equals
FNDA:0,is_non_primitive
FNDA:0,has
FNDA:0,get
FNDA:0,resolveSymbol
FNDA:0,(anonymous_50)
FNDA:0,resolveString
FNDA:0,(anonymous_52)
FNDA:0,resolveNumber
FNDA:0,(anonymous_54)
FNDA:0,resolveBoolean
FNDA:0,(anonymous_56)
FNDA:0,resolveFunction
FNDA:0,(anonymous_58)
FNDA:0,resolveNull
FNDA:0,(anonymous_60)
FNDA:0,resolveBound
FNDA:0,(anonymous_62)
FNDA:0,resolveWildcard
FNDA:0,(anonymous_64)
FNDA:0,resolveVariable
FNDA:0,(anonymous_66)
FNDA:0,resolveHeadTail
FNDA:0,(anonymous_68)
FNDA:0,resolveCapture
FNDA:0,(anonymous_70)
FNDA:0,resolveStartsWith
FNDA:0,(anonymous_72)
FNDA:0,resolveType
FNDA:0,(anonymous_74)
FNDA:0,resolveArray
FNDA:0,(anonymous_76)
FNDA:0,(anonymous_77)
FNDA:0,(anonymous_78)
FNDA:0,resolveMap
FNDA:0,(anonymous_80)
FNDA:0,resolveObject
FNDA:0,(anonymous_82)
FNDA:0,resolveBitString
FNDA:0,(anonymous_84)
FNDA:0,getSize
FNDA:0,arraysEqual
FNDA:0,fillArray
FNDA:0,createBitString
FNDA:0,(anonymous_89)
FNDA:0,resolveNoMatch
FNDA:0,(anonymous_91)
FNDA:0,buildMatch
FNDA:0,(anonymous_93)
FNDA:0,(anonymous_94)
FNDA:0,(anonymous_95)
FNDA:0,(anonymous_96)
FNDA:0,clause
FNDA:0,(anonymous_98)
FNDA:0,defmatch
FNDA:0,(anonymous_100)
FNDA:0,defmatchgen
FNDA:0,(anonymous_102)
FNDA:0,defmatchGen
FNDA:0,defmatchAsync
FNDA:0,(anonymous_105)
FNDA:0,findMatchingFunction
FNDA:0,getArityMap
FNDA:0,getArityRange
FNDA:0,getOptionalValues
FNDA:0,fillInOptionalValues
FNDA:0,match
FNDA:0,(anonymous_112)
FNDA:0,match_gen
FNDA:0,(anonymous_114)
FNDA:0,checkNamedVariables
FNDA:0,match_or_default
FNDA:0,(anonymous_117)
FNDA:0,match_or_default_gen
FNDA:0,(anonymous_119)
FNDA:0,match_or_default_async
FNDA:0,(anonymous_121)
FNDA:0,bitstring_generator
FNDA:0,(anonymous_123)
FNDA:0,(anonymous_124)
FNDA:0,list_generator
FNDA:0,(anonymous_126)
FNDA:0,(anonymous_127)
FNDA:0,list_comprehension
FNDA:0,run_generators
FNDA:0,(anonymous_130)
FNDA:0,bitstring_comprehension
FNDA:0,(anonymous_132)
DA:3,0
DA:5,0
DA:11,0
DA:12,0
DA:22,0
DA:28,0
DA:34,0
DA:35,0
DA:41,0
DA:42,0
DA:48,0
DA:54,0
DA:58,0
DA:62,0
DA:66,0
DA:68,0
DA:69,0
DA:72,0
DA:76,0
DA:80,0
DA:81,0
DA:85,0
DA:91,0
DA:92,0
DA:97,0
DA:101,0
DA:105,0
DA:109,0
DA:113,0
DA:117,0
DA:121,0
DA:125,0
DA:129,0
DA:135,0
DA:139,0
DA:143,0
DA:147,0
DA:151,0
DA:155,0
DA:159,0
DA:163,0
DA:167,0
DA:171,0
DA:175,0
DA:179,0
DA:183,0
DA:187,0
DA:191,0
DA:192,0
DA:195,0
DA:196,0
DA:199,0
DA:200,0
DA:201,0
DA:205,0
DA:209,0
DA:210,0
DA:213,0
DA:214,0
DA:217,0
DA:221,0
DA:222,0
DA:225,0
DA:226,0
DA:229,0
DA:233,0
DA:234,0
DA:237,0
DA:241,0
DA:242,0
DA:245,0
DA:249,0
DA:250,0
DA:253,0
DA:254,0
DA:256,0
DA:260,0
DA:261,0
DA:264,0
DA:265,0
DA:268,0
DA:269,0
DA:272,0
DA:273,0
DA:276,0
DA:277,0
DA:280,0
DA:281,0
DA:284,0
DA:288,0
DA:292,0
DA:293,0
DA:294,0
DA:295,0
DA:299,0
DA:302,0
DA:306,0
DA:307,0
DA:308,0
DA:309,0
DA:313,0
DA:316,0
DA:319,0
DA:327,0
DA:329,0
DA:330,0
DA:335,0
DA:336,0
DA:341,0
DA:342,0
DA:347,0
DA:348,0
DA:353,0
DA:354,0
DA:359,0
DA:360,0
DA:365,0
DA:366,0
DA:367,0
DA:370,0
DA:375,0
DA:376,0
DA:381,0
DA:382,0
DA:383,0
DA:384,0
DA:385,0
DA:388,0
DA:393,0
DA:394,0
DA:396,0
DA:397,0
DA:398,0
DA:401,0
DA:402,0
DA:404,0
DA:405,0
DA:408,0
DA:413,0
DA:415,0
DA:416,0
DA:417,0
DA:418,0
DA:421,0
DA:426,0
DA:428,0
DA:429,0
DA:430,0
DA:431,0
DA:434,0
DA:439,0
DA:440,0
DA:441,0
DA:442,0
DA:445,0
DA:450,0
DA:452,0
DA:453,0
DA:454,0
DA:457,0
DA:458,0
DA:464,0
DA:466,0
DA:468,0
DA:469,0
DA:472,0
DA:473,0
DA:474,0
DA:477,0
DA:478,0
DA:479,0
DA:483,0
DA:488,0
DA:490,0
DA:492,0
DA:493,0
DA:496,0
DA:497,0
DA:498,0
DA:501,0
DA:502,0
DA:503,0
DA:507,0
DA:512,0
DA:514,0
DA:515,0
DA:516,0
DA:517,0
DA:519,0
DA:523,0
DA:525,0
DA:526,0
DA:528,0
DA:529,0
DA:532,0
DA:533,0
DA:535,0
DA:538,0
DA:540,0
DA:541,0
DA:543,0
DA:544,0
DA:547,0
DA:548,0
DA:549,0
DA:550,0
DA:552,0
DA:553,0
DA:554,0
DA:556,0
DA:557,0
DA:560,0
DA:561,0
DA:563,0
DA:564,0
DA:566,0
DA:568,0
DA:571,0
DA:572,0
DA:573,0
DA:574,0
DA:576,0
DA:578,0
DA:581,0
DA:582,0
DA:585,0
DA:586,0
DA:589,0
DA:590,0
DA:593,0
DA:594,0
DA:597,0
DA:598,0
DA:601,0
DA:603,0
DA:604,0
DA:607,0
DA:610,0
DA:615,0
DA:619,0
DA:620,0
DA:621,0
DA:623,0
DA:624,0
DA:627,0
DA:631,0
DA:632,0
DA:637,0
DA:638,0
DA:642,0
DA:643,0
DA:647,0
DA:648,0
DA:649,0
DA:650,0
DA:651,0
DA:652,0
DA:653,0
DA:654,0
DA:655,0
DA:656,0
DA:657,0
DA:658,0
DA:659,0
DA:660,0
DA:661,0
DA:662,0
DA:663,0
DA:666,0
DA:667,0
DA:670,0
DA:671,0
DA:674,0
DA:675,0
DA:678,0
DA:679,0
DA:681,0
DA:682,0
DA:685,0
DA:686,0
DA:689,0
DA:694,0
DA:696,0
DA:697,0
DA:698,0
DA:699,0
DA:700,0
DA:701,0
DA:702,0
DA:703,0
DA:706,0
DA:709,0
DA:711,0
DA:714,0
DA:719,0
DA:720,0
DA:721,0
DA:722,0
DA:723,0
DA:724,0
DA:728,0
DA:729,0
DA:735,0
DA:737,0
DA:738,0
DA:739,0
DA:744,0
DA:746,0
DA:747,0
DA:748,0
DA:750,0
DA:751,0
DA:752,0
DA:753,0
DA:754,0
DA:756,0
DA:757,0
DA:759,0
DA:760,0
DA:761,0
DA:762,0
DA:766,0
DA:767,0
DA:768,0
DA:771,0
DA:773,0
DA:774,0
DA:780,0
DA:784,0
DA:786,0
DA:787,0
DA:788,0
DA:790,0
DA:791,0
DA:792,0
DA:793,0
DA:794,0
DA:796,0
DA:797,0
DA:799,0
DA:800,0
DA:801,0
DA:802,0
DA:806,0
DA:807,0
DA:808,0
DA:811,0
DA:813,0
DA:814,0
DA:820,0
DA:821,0
DA:823,0
DA:824,0
DA:825,0
DA:826,0
DA:827,0
DA:829,0
DA:830,0
DA:832,0
DA:833,0
DA:834,0
DA:835,0
DA:839,0
DA:840,0
DA:841,0
DA:844,0
DA:846,0
DA:847,0
DA:852,0
DA:854,0
DA:855,0
DA:857,0
DA:858,0
DA:860,0
DA:861,0
DA:864,0
DA:865,0
DA:869,0
DA:873,0
DA:874,0
DA:876,0
DA:878,0
DA:879,0
DA:882,0
DA:886,0
DA:888,0
DA:889,0
DA:890,0
DA:894,0
DA:898,0
DA:899,0
DA:902,0
DA:903,0
DA:906,0
DA:907,0
DA:909,0
DA:911,0
DA:912,0
DA:913,0
DA:914,0
DA:918,0
DA:921,0
DA:922,0
DA:923,0
DA:924,0
DA:925,0
DA:927,0
DA:928,0
DA:930,0
DA:931,0
DA:936,0
DA:938,0
DA:939,0
DA:940,0
DA:941,0
DA:942,0
DA:944,0
DA:945,0
DA:947,0
DA:948,0
DA:953,0
DA:954,0
DA:956,0
DA:957,0
DA:958,0
DA:959,0
DA:960,0
DA:961,0
DA:962,0
DA:964,0
DA:965,0
DA:968,0
DA:972,0
DA:975,0
DA:976,0
DA:977,0
DA:978,0
DA:979,0
DA:981,0
DA:982,0
DA:984,0
DA:989,0
DA:991,0
DA:992,0
DA:993,0
DA:994,0
DA:995,0
DA:997,0
DA:998,0
DA:1000,0
DA:1004,0
DA:1005,0
DA:1006,0
DA:1007,0
DA:1008,0
DA:1009,0
DA:1011,0
DA:1012,0
DA:1014,0
DA:1018,0
DA:1021,0
DA:1022,0
DA:1023,0
DA:1024,0
DA:1026,0
DA:1027,0
DA:1029,0
DA:1030,0
DA:1031,0
DA:1034,0
DA:1036,0
DA:1039,0
DA:1044,0
DA:1045,0
DA:1046,0
DA:1047,0
DA:1048,0
DA:1049,0
DA:1050,0
DA:1054,0
DA:1059,0
DA:1061,0
DA:1063,0
DA:1064,0
DA:1065,0
DA:1069,0
DA:1073,0
DA:1074,0
DA:1075,0
DA:1076,0
DA:1078,0
DA:1082,0
DA:1084,0
DA:1085,0
DA:1086,0
DA:1087,0
DA:1091,0
DA:1096,0
DA:1098,0
DA:1100,0
DA:1101,0
DA:1102,0
DA:1106,0
DA:1107,0
DA:1110,0
DA:1137,0
LF:506
LH:0
BRDA:3,0,0,0
BRDA:3,0,1,0
BRDA:3,1,0,0
BRDA:3,1,1,0
BRDA:3,1,2,0
BRDA:10,2,0,0
BRDA:10,3,0,0
BRDA:40,4,0,0
BRDA:96,5,0,0
BRDA:96,6,0,0
BRDA:116,7,0,0
BRDA:171,8,0,0
BRDA:171,8,1,0
BRDA:191,9,0,0
BRDA:191,9,1,0
BRDA:195,10,0,0
BRDA:195,10,1,0
BRDA:200,11,0,0
BRDA:200,11,1,0
BRDA:209,12,0,0
BRDA:209,12,1,0
BRDA:213,13,0,0
BRDA:213,13,1,0
BRDA:221,14,0,0
BRDA:221,14,1,0
BRDA:225,15,0,0
BRDA:225,15,1,0
BRDA:233,16,0,0
BRDA:233,16,1,0
BRDA:241,17,0,0
BRDA:241,17,1,0
BRDA:249,18,0,0
BRDA:249,18,1,0
BRDA:260,19,0,0
BRDA:260,19,1,0
BRDA:264,20,0,0
BRDA:264,20,1,0
BRDA:268,21,0,0
BRDA:268,21,1,0
BRDA:272,22,0,0
BRDA:272,22,1,0
BRDA:276,23,0,0
BRDA:276,23,1,0
BRDA:280,24,0,0
BRDA:280,24,1,0
BRDA:288,25,0,0
BRDA:288,25,1,0
BRDA:288,25,2,0
BRDA:288,25,3,0
BRDA:288,25,4,0
BRDA:288,25,5,0
BRDA:292,26,0,0
BRDA:292,26,1,0
BRDA:294,27,0,0
BRDA:294,27,1,0
BRDA:306,28,0,0
BRDA:306,28,1,0
BRDA:308,29,0,0
BRDA:308,29,1,0
BRDA:330,30,0,0
BRDA:330,30,1,0
BRDA:336,31,0,0
BRDA:336,31,1,0
BRDA:342,32,0,0
BRDA:342,32,1,0
BRDA:348,33,0,0
BRDA:348,33,1,0
BRDA:354,34,0,0
BRDA:354,34,1,0
BRDA:366,35,0,0
BRDA:366,35,1,0
BRDA:366,36,0,0
BRDA:366,36,1,0
BRDA:382,37,0,0
BRDA:382,37,1,0
BRDA:384,38,0,0
BRDA:384,38,1,0
BRDA:397,39,0,0
BRDA:397,39,1,0
BRDA:397,40,0,0
BRDA:397,40,1,0
BRDA:404,41,0,0
BRDA:404,41,1,0
BRDA:404,42,0,0
BRDA:404,42,1,0
BRDA:416,43,0,0
BRDA:416,43,1,0
BRDA:429,44,0,0
BRDA:429,44,1,0
BRDA:429,45,0,0
BRDA:429,45,1,0
BRDA:440,46,0,0
BRDA:440,46,1,0
BRDA:453,47,0,0
BRDA:453,47,1,0
BRDA:453,48,0,0
BRDA:453,48,1,0
BRDA:473,49,0,0
BRDA:473,49,1,0
BRDA:473,50,0,0
BRDA:473,50,1,0
BRDA:478,51,0,0
BRDA:478,51,1,0
BRDA:478,52,0,0
BRDA:478,52,1,0
BRDA:497,53,0,0
BRDA:497,53,1,0
BRDA:497,54,0,0
BRDA:497,54,1,0
BRDA:502,55,0,0
BRDA:502,55,1,0
BRDA:502,56,0,0
BRDA:502,56,1,0
BRDA:515,57,0,0
BRDA:515,57,1,0
BRDA:528,58,0,0
BRDA:528,58,1,0
BRDA:528,59,0,0
BRDA:528,59,1,0
BRDA:532,60,0,0
BRDA:532,60,1,0
BRDA:543,61,0,0
BRDA:543,61,1,0
BRDA:543,62,0,0
BRDA:543,62,1,0
BRDA:543,62,2,0
BRDA:543,62,3,0
BRDA:552,63,0,0
BRDA:552,63,1,0
BRDA:560,64,0,0
BRDA:560,64,1,0
BRDA:561,65,0,0
BRDA:561,65,1,0
BRDA:561,65,2,0
BRDA:561,65,3,0
BRDA:561,65,4,0
BRDA:561,65,5,0
BRDA:561,65,6,0
BRDA:561,65,7,0
BRDA:563,66,0,0
BRDA:563,66,1,0
BRDA:563,67,0,0
BRDA:563,67,1,0
BRDA:571,68,0,0
BRDA:571,68,1,0
BRDA:573,69,0,0
BRDA:573,69,1,0
BRDA:603,70,0,0
BRDA:603,70,1,0
BRDA:619,71,0,0
BRDA:619,71,1,0
BRDA:620,72,0,0
BRDA:620,72,1,0
BRDA:620,73,0,0
BRDA:620,73,1,0
BRDA:621,74,0,0
BRDA:621,74,1,0
BRDA:624,75,0,0
BRDA:624,75,1,0
BRDA:666,76,0,0
BRDA:666,76,1,0
BRDA:670,77,0,0
BRDA:670,77,1,0
BRDA:674,78,0,0
BRDA:674,78,1,0
BRDA:681,79,0,0
BRDA:681,79,1,0
BRDA:685,80,0,0
BRDA:685,80,1,0
BRDA:696,81,0,0
BRDA:696,81,1,0
BRDA:698,82,0,0
BRDA:698,82,1,0
BRDA:700,83,0,0
BRDA:700,83,1,0
BRDA:702,84,0,0
BRDA:702,84,1,0
BRDA:719,85,0,0
BRDA:728,86,0,0
BRDA:747,87,0,0
BRDA:747,87,1,0
BRDA:759,88,0,0
BRDA:759,88,1,0
BRDA:759,89,0,0
BRDA:759,89,1,0
BRDA:759,89,2,0
BRDA:766,90,0,0
BRDA:766,90,1,0
BRDA:787,91,0,0
BRDA:787,91,1,0
BRDA:799,92,0,0
BRDA:799,92,1,0
BRDA:799,93,0,0
BRDA:799,93,1,0
BRDA:799,93,2,0
BRDA:806,94,0,0
BRDA:806,94,1,0
BRDA:820,95,0,0
BRDA:820,95,1,0
BRDA:832,96,0,0
BRDA:832,96,1,0
BRDA:832,97,0,0
BRDA:832,97,1,0
BRDA:832,97,2,0
BRDA:839,98,0,0
BRDA:839,98,1,0
BRDA:860,99,0,0
BRDA:860,99,1,0
BRDA:889,100,0,0
BRDA:889,100,1,0
BRDA:889,101,0,0
BRDA:889,101,1,0
BRDA:898,102,0,0
BRDA:898,102,1,0
BRDA:898,103,0,0
BRDA:898,103,1,0
BRDA:902,104,0,0
BRDA:902,104,1,0
BRDA:913,105,0,0
BRDA:913,105,1,0
BRDA:921,106,0,0
BRDA:927,107,0,0
BRDA:927,107,1,0
BRDA:927,108,0,0
BRDA:927,108,1,0
BRDA:927,108,2,0
BRDA:935,109,0,0
BRDA:942,110,0,0
BRDA:942,110,1,0
BRDA:944,111,0,0
BRDA:944,111,1,0
BRDA:944,112,0,0
BRDA:944,112,1,0
BRDA:958,113,0,0
BRDA:958,113,1,0
BRDA:959,114,0,0
BRDA:959,114,1,0
BRDA:959,115,0,0
BRDA:959,115,1,0
BRDA:961,116,0,0
BRDA:961,116,1,0
BRDA:961,117,0,0
BRDA:961,117,1,0
BRDA:975,118,0,0
BRDA:975,119,0,0
BRDA:981,120,0,0
BRDA:981,120,1,0
BRDA:981,121,0,0
BRDA:981,121,1,0
BRDA:981,121,2,0
BRDA:988,122,0,0
BRDA:990,123,0,0
BRDA:995,124,0,0
BRDA:995,124,1,0
BRDA:997,125,0,0
BRDA:997,125,1,0
BRDA:997,126,0,0
BRDA:997,126,1,0
BRDA:1004,127,0,0
BRDA:1004,128,0,0
BRDA:1009,129,0,0
BRDA:1009,129,1,0
BRDA:1011,130,0,0
BRDA:1011,130,1,0
BRDA:1011,131,0,0
BRDA:1011,131,1,0
BRDA:1029,132,0,0
BRDA:1029,132,1,0
BRDA:1048,133,0,0
BRDA:1048,133,1,0
BRDA:1064,134,0,0
BRDA:1064,134,1,0
BRDA:1073,135,0,0
BRDA:1073,135,1,0
BRDA:1075,136,0,0
BRDA:1075,136,1,0
BRDA:1101,137,0,0
BRDA:1101,137,1,0
BRF:278
BRH:0
end_of_record
